-- The C compiler identification is GNU 9.4.0
-- The CXX compiler identification is GNU 9.4.0
-- Check for working C compiler: /usr/bin/cc
-- Check for working C compiler: /usr/bin/cc -- works
-- Detecting C compiler ABI info
-- Detecting C compiler ABI info - done
-- Detecting C compile features
-- Detecting C compile features - done
-- Check for working CXX compiler: /usr/bin/c++
-- Check for working CXX compiler: /usr/bin/c++ -- works
-- Detecting CXX compiler ABI info
-- Detecting CXX compiler ABI info - done
-- Detecting CXX compile features
-- Detecting CXX compile features - done
-- Found ament_cmake: 0.9.12 (/opt/ros/foxy/share/ament_cmake/cmake)
-- Found PythonInterp: /usr/bin/python3 (found suitable version "3.8.10", minimum required is "3") 
-- Using PYTHON_EXECUTABLE: /usr/bin/python3
-- Found rclcpp: 2.4.3 (/opt/ros/foxy/share/rclcpp/cmake)
-- Using all available rosidl_typesupport_c: rosidl_typesupport_fastrtps_c;rosidl_typesupport_introspection_c
-- Found rosidl_adapter: 1.3.1 (/opt/ros/foxy/share/rosidl_adapter/cmake)
-- Found OpenSSL: /usr/lib/x86_64-linux-gnu/libcrypto.so (found version "1.1.1f")  
-- Found FastRTPS: /opt/ros/foxy/include  
-- Using all available rosidl_typesupport_cpp: rosidl_typesupport_fastrtps_cpp;rosidl_typesupport_introspection_cpp
-- Found rmw_implementation_cmake: 1.0.4 (/opt/ros/foxy/share/rmw_implementation_cmake/cmake)
-- Using RMW implementation 'rmw_fastrtps_cpp' as default
-- Looking for pthread.h
-- Looking for pthread.h - found
-- Performing Test CMAKE_HAVE_LIBC_PTHREAD
-- Performing Test CMAKE_HAVE_LIBC_PTHREAD - Failed
-- Looking for pthread_create in pthreads
-- Looking for pthread_create in pthreads - not found
-- Looking for pthread_create in pthread
-- Looking for pthread_create in pthread - found
-- Found Threads: TRUE  
-- Found rclpy: 1.0.13 (/opt/ros/foxy/share/rclpy/cmake)
-- Found sensor_msgs: 2.0.5 (/opt/ros/foxy/share/sensor_msgs/cmake)
-- Found std_srvs: 2.0.5 (/opt/ros/foxy/share/std_srvs/cmake)
-- Found ament_lint_auto: 0.9.8 (/opt/ros/foxy/share/ament_lint_auto/cmake)
-- Added test 'copyright' to check source files copyright and LICENSE
-- Added test 'cppcheck' to perform static code analysis on C / C++ code
-- Configured cppcheck include dirs: 
-- Configured cppcheck exclude dirs and/or files: 
-- Added test 'cpplint' to check C / C++ code against the Google style
-- Configured cpplint exclude dirs and/or files: 
-- Added test 'flake8' to check Python code syntax and style conventions
-- Added test 'lint_cmake' to check CMake code style
-- Added test 'pep257' to check Python code against some of the style conventions in PEP 257
-- Added test 'uncrustify' to check C / C++ code style
-- Configured uncrustify additional arguments: 
-- Added test 'xmllint' to check XML markup files
-- Configuring done
-- Generating done
-- Build files have been written to: /home/siba/ros2_ws/src/fresas/build/fresas
-- Install configuration: ""
-- Installing: /home/siba/ros2_ws/src/fresas/install/fresas/share/fresas/environment/pythonpath.sh
-- Installing: /home/siba/ros2_ws/src/fresas/install/fresas/share/fresas/environment/pythonpath.dsv
-- Installing: /home/siba/ros2_ws/src/fresas/install/fresas/lib/python3.8/site-packages/fresas
-- Installing: /home/siba/ros2_ws/src/fresas/install/fresas/lib/python3.8/site-packages/fresas/__init__.py
Listing '/home/siba/ros2_ws/src/fresas/install/fresas/lib/python3.8/site-packages/fresas'...
Compiling '/home/siba/ros2_ws/src/fresas/install/fresas/lib/python3.8/site-packages/fresas/__init__.py'...
-- Installing: /home/siba/ros2_ws/src/fresas/install/fresas/lib/fresas/dc_motor_node.py
-- Installing: /home/siba/ros2_ws/src/fresas/install/fresas/lib/fresas/data_collector.py
-- Installing: /home/siba/ros2_ws/src/fresas/install/fresas/lib/fresas/vesc_can_node.py
-- Installing: /home/siba/ros2_ws/src/fresas/install/fresas/lib/fresas/vesc_can_handler.py
-- Installing: /home/siba/ros2_ws/src/fresas/install/fresas/lib/fresas/gamepad_node.py
-- Installing: /home/siba/ros2_ws/src/fresas/install/fresas/lib/fresas/test_node.py
-- Installing: /home/siba/ros2_ws/src/fresas/install/fresas/lib/fresas/data_logger_node.py
-- Installing: /home/siba/ros2_ws/src/fresas/install/fresas/lib/fresas/motor_state_node.py
-- Installing: /home/siba/ros2_ws/src/fresas/install/fresas/lib/fresas/step_signal.py
-- Installing: /home/siba/ros2_ws/src/fresas/install/fresas/share/fresas//launch
-- Installing: /home/siba/ros2_ws/src/fresas/install/fresas/share/fresas//launch/fresas_data_collect_launch.py
-- Installing: /home/siba/ros2_ws/src/fresas/install/fresas/share/fresas//launch/fresas_launch.py
-- Installing: /home/siba/ros2_ws/src/fresas/install/fresas/share/ament_index/resource_index/package_run_dependencies/fresas
-- Installing: /home/siba/ros2_ws/src/fresas/install/fresas/share/ament_index/resource_index/parent_prefix_path/fresas
-- Installing: /home/siba/ros2_ws/src/fresas/install/fresas/share/fresas/environment/ament_prefix_path.sh
-- Installing: /home/siba/ros2_ws/src/fresas/install/fresas/share/fresas/environment/ament_prefix_path.dsv
-- Installing: /home/siba/ros2_ws/src/fresas/install/fresas/share/fresas/environment/path.sh
-- Installing: /home/siba/ros2_ws/src/fresas/install/fresas/share/fresas/environment/path.dsv
-- Installing: /home/siba/ros2_ws/src/fresas/install/fresas/share/fresas/local_setup.bash
-- Installing: /home/siba/ros2_ws/src/fresas/install/fresas/share/fresas/local_setup.sh
-- Installing: /home/siba/ros2_ws/src/fresas/install/fresas/share/fresas/local_setup.zsh
-- Installing: /home/siba/ros2_ws/src/fresas/install/fresas/share/fresas/local_setup.dsv
-- Installing: /home/siba/ros2_ws/src/fresas/install/fresas/share/fresas/package.dsv
-- Installing: /home/siba/ros2_ws/src/fresas/install/fresas/share/ament_index/resource_index/packages/fresas
-- Installing: /home/siba/ros2_ws/src/fresas/install/fresas/share/fresas/cmake/fresasConfig.cmake
-- Installing: /home/siba/ros2_ws/src/fresas/install/fresas/share/fresas/cmake/fresasConfig-version.cmake
-- Installing: /home/siba/ros2_ws/src/fresas/install/fresas/share/fresas/package.xml
