Performing C SOURCE FILE Test CMAKE_HAVE_LIBC_PTHREAD failed with the following output:
Change Dir: /home/siba/ros2_ws/src/fresas/build/CMakeFiles/CMakeTmp

Run Build Command(s):/usr/bin/make cmTC_d419b/fast && /usr/bin/make -f CMakeFiles/cmTC_d419b.dir/build.make CMakeFiles/cmTC_d419b.dir/build
make[1]: Entering directory '/home/siba/ros2_ws/src/fresas/build/CMakeFiles/CMakeTmp'
Building C object CMakeFiles/cmTC_d419b.dir/src.c.o
/usr/bin/cc   -DCMAKE_HAVE_LIBC_PTHREAD   -o CMakeFiles/cmTC_d419b.dir/src.c.o   -c /home/siba/ros2_ws/src/fresas/build/CMakeFiles/CMakeTmp/src.c
Linking C executable cmTC_d419b
/usr/bin/cmake -E cmake_link_script CMakeFiles/cmTC_d419b.dir/link.txt --verbose=1
/usr/bin/cc  -DCMAKE_HAVE_LIBC_PTHREAD    CMakeFiles/cmTC_d419b.dir/src.c.o  -o cmTC_d419b 
/usr/bin/ld: CMakeFiles/cmTC_d419b.dir/src.c.o: in function `main':
src.c:(.text+0x46): undefined reference to `pthread_create'
/usr/bin/ld: src.c:(.text+0x52): undefined reference to `pthread_detach'
/usr/bin/ld: src.c:(.text+0x63): undefined reference to `pthread_join'
collect2: error: ld returned 1 exit status
make[1]: *** [CMakeFiles/cmTC_d419b.dir/build.make:87: cmTC_d419b] Error 1
make[1]: Leaving directory '/home/siba/ros2_ws/src/fresas/build/CMakeFiles/CMakeTmp'
make: *** [Makefile:121: cmTC_d419b/fast] Error 2


Source file was:
#include <pthread.h>

void* test_func(void* data)
{
  return data;
}

int main(void)
{
  pthread_t thread;
  pthread_create(&thread, NULL, test_func, NULL);
  pthread_detach(thread);
  pthread_join(thread, NULL);
  pthread_atfork(NULL, NULL, NULL);
  pthread_exit(NULL);

  return 0;
}

Determining if the function pthread_create exists in the pthreads failed with the following output:
Change Dir: /home/siba/ros2_ws/src/fresas/build/CMakeFiles/CMakeTmp

Run Build Command(s):/usr/bin/make cmTC_9b266/fast && /usr/bin/make -f CMakeFiles/cmTC_9b266.dir/build.make CMakeFiles/cmTC_9b266.dir/build
make[1]: Entering directory '/home/siba/ros2_ws/src/fresas/build/CMakeFiles/CMakeTmp'
Building C object CMakeFiles/cmTC_9b266.dir/CheckFunctionExists.c.o
/usr/bin/cc   -DCHECK_FUNCTION_EXISTS=pthread_create   -o CMakeFiles/cmTC_9b266.dir/CheckFunctionExists.c.o   -c /usr/share/cmake-3.16/Modules/CheckFunctionExists.c
Linking C executable cmTC_9b266
/usr/bin/cmake -E cmake_link_script CMakeFiles/cmTC_9b266.dir/link.txt --verbose=1
/usr/bin/cc  -DCHECK_FUNCTION_EXISTS=pthread_create    CMakeFiles/cmTC_9b266.dir/CheckFunctionExists.c.o  -o cmTC_9b266  -lpthreads 
/usr/bin/ld: cannot find -lpthreads
collect2: error: ld returned 1 exit status
make[1]: *** [CMakeFiles/cmTC_9b266.dir/build.make:87: cmTC_9b266] Error 1
make[1]: Leaving directory '/home/siba/ros2_ws/src/fresas/build/CMakeFiles/CMakeTmp'
make: *** [Makefile:121: cmTC_9b266/fast] Error 2



Performing C SOURCE FILE Test CMAKE_HAVE_LIBC_PTHREAD failed with the following output:
Change Dir: /home/siba/ros2_ws/src/fresas/build/CMakeFiles/CMakeTmp

Run Build Command(s):/usr/bin/make cmTC_c7239/fast && /usr/bin/make -f CMakeFiles/cmTC_c7239.dir/build.make CMakeFiles/cmTC_c7239.dir/build
make[1]: Entering directory '/home/siba/ros2_ws/src/fresas/build/CMakeFiles/CMakeTmp'
Building C object CMakeFiles/cmTC_c7239.dir/src.c.o
/usr/bin/cc   -DCMAKE_HAVE_LIBC_PTHREAD   -o CMakeFiles/cmTC_c7239.dir/src.c.o   -c /home/siba/ros2_ws/src/fresas/build/CMakeFiles/CMakeTmp/src.c
Linking C executable cmTC_c7239
/usr/bin/cmake -E cmake_link_script CMakeFiles/cmTC_c7239.dir/link.txt --verbose=1
/usr/bin/cc  -DCMAKE_HAVE_LIBC_PTHREAD    CMakeFiles/cmTC_c7239.dir/src.c.o  -o cmTC_c7239 
/usr/bin/ld: CMakeFiles/cmTC_c7239.dir/src.c.o: in function `main':
src.c:(.text+0x46): undefined reference to `pthread_create'
/usr/bin/ld: src.c:(.text+0x52): undefined reference to `pthread_detach'
/usr/bin/ld: src.c:(.text+0x63): undefined reference to `pthread_join'
collect2: error: ld returned 1 exit status
make[1]: *** [CMakeFiles/cmTC_c7239.dir/build.make:87: cmTC_c7239] Error 1
make[1]: Leaving directory '/home/siba/ros2_ws/src/fresas/build/CMakeFiles/CMakeTmp'
make: *** [Makefile:121: cmTC_c7239/fast] Error 2


Source file was:
#include <pthread.h>

void* test_func(void* data)
{
  return data;
}

int main(void)
{
  pthread_t thread;
  pthread_create(&thread, NULL, test_func, NULL);
  pthread_detach(thread);
  pthread_join(thread, NULL);
  pthread_atfork(NULL, NULL, NULL);
  pthread_exit(NULL);

  return 0;
}

Determining if the function pthread_create exists in the pthreads failed with the following output:
Change Dir: /home/siba/ros2_ws/src/fresas/build/CMakeFiles/CMakeTmp

Run Build Command(s):/usr/bin/make cmTC_f9fa9/fast && /usr/bin/make -f CMakeFiles/cmTC_f9fa9.dir/build.make CMakeFiles/cmTC_f9fa9.dir/build
make[1]: Entering directory '/home/siba/ros2_ws/src/fresas/build/CMakeFiles/CMakeTmp'
Building C object CMakeFiles/cmTC_f9fa9.dir/CheckFunctionExists.c.o
/usr/bin/cc   -DCHECK_FUNCTION_EXISTS=pthread_create   -o CMakeFiles/cmTC_f9fa9.dir/CheckFunctionExists.c.o   -c /usr/share/cmake-3.16/Modules/CheckFunctionExists.c
Linking C executable cmTC_f9fa9
/usr/bin/cmake -E cmake_link_script CMakeFiles/cmTC_f9fa9.dir/link.txt --verbose=1
/usr/bin/cc  -DCHECK_FUNCTION_EXISTS=pthread_create    CMakeFiles/cmTC_f9fa9.dir/CheckFunctionExists.c.o  -o cmTC_f9fa9  -lpthreads 
/usr/bin/ld: cannot find -lpthreads
collect2: error: ld returned 1 exit status
make[1]: *** [CMakeFiles/cmTC_f9fa9.dir/build.make:87: cmTC_f9fa9] Error 1
make[1]: Leaving directory '/home/siba/ros2_ws/src/fresas/build/CMakeFiles/CMakeTmp'
make: *** [Makefile:121: cmTC_f9fa9/fast] Error 2



Performing C SOURCE FILE Test CMAKE_HAVE_LIBC_PTHREAD failed with the following output:
Change Dir: /home/siba/ros2_ws/src/fresas/build/CMakeFiles/CMakeTmp

Run Build Command(s):/usr/bin/make cmTC_a23ed/fast && /usr/bin/make -f CMakeFiles/cmTC_a23ed.dir/build.make CMakeFiles/cmTC_a23ed.dir/build
make[1]: Entering directory '/home/siba/ros2_ws/src/fresas/build/CMakeFiles/CMakeTmp'
Building C object CMakeFiles/cmTC_a23ed.dir/src.c.o
/usr/bin/cc   -DCMAKE_HAVE_LIBC_PTHREAD   -o CMakeFiles/cmTC_a23ed.dir/src.c.o   -c /home/siba/ros2_ws/src/fresas/build/CMakeFiles/CMakeTmp/src.c
Linking C executable cmTC_a23ed
/usr/bin/cmake -E cmake_link_script CMakeFiles/cmTC_a23ed.dir/link.txt --verbose=1
/usr/bin/cc  -DCMAKE_HAVE_LIBC_PTHREAD    CMakeFiles/cmTC_a23ed.dir/src.c.o  -o cmTC_a23ed 
/usr/bin/ld: CMakeFiles/cmTC_a23ed.dir/src.c.o: in function `main':
src.c:(.text+0x46): undefined reference to `pthread_create'
/usr/bin/ld: src.c:(.text+0x52): undefined reference to `pthread_detach'
/usr/bin/ld: src.c:(.text+0x63): undefined reference to `pthread_join'
collect2: error: ld returned 1 exit status
make[1]: *** [CMakeFiles/cmTC_a23ed.dir/build.make:87: cmTC_a23ed] Error 1
make[1]: Leaving directory '/home/siba/ros2_ws/src/fresas/build/CMakeFiles/CMakeTmp'
make: *** [Makefile:121: cmTC_a23ed/fast] Error 2


Source file was:
#include <pthread.h>

void* test_func(void* data)
{
  return data;
}

int main(void)
{
  pthread_t thread;
  pthread_create(&thread, NULL, test_func, NULL);
  pthread_detach(thread);
  pthread_join(thread, NULL);
  pthread_atfork(NULL, NULL, NULL);
  pthread_exit(NULL);

  return 0;
}

Determining if the function pthread_create exists in the pthreads failed with the following output:
Change Dir: /home/siba/ros2_ws/src/fresas/build/CMakeFiles/CMakeTmp

Run Build Command(s):/usr/bin/make cmTC_e6577/fast && /usr/bin/make -f CMakeFiles/cmTC_e6577.dir/build.make CMakeFiles/cmTC_e6577.dir/build
make[1]: Entering directory '/home/siba/ros2_ws/src/fresas/build/CMakeFiles/CMakeTmp'
Building C object CMakeFiles/cmTC_e6577.dir/CheckFunctionExists.c.o
/usr/bin/cc   -DCHECK_FUNCTION_EXISTS=pthread_create   -o CMakeFiles/cmTC_e6577.dir/CheckFunctionExists.c.o   -c /usr/share/cmake-3.16/Modules/CheckFunctionExists.c
Linking C executable cmTC_e6577
/usr/bin/cmake -E cmake_link_script CMakeFiles/cmTC_e6577.dir/link.txt --verbose=1
/usr/bin/cc  -DCHECK_FUNCTION_EXISTS=pthread_create    CMakeFiles/cmTC_e6577.dir/CheckFunctionExists.c.o  -o cmTC_e6577  -lpthreads 
/usr/bin/ld: cannot find -lpthreads
collect2: error: ld returned 1 exit status
make[1]: *** [CMakeFiles/cmTC_e6577.dir/build.make:87: cmTC_e6577] Error 1
make[1]: Leaving directory '/home/siba/ros2_ws/src/fresas/build/CMakeFiles/CMakeTmp'
make: *** [Makefile:121: cmTC_e6577/fast] Error 2



Performing C SOURCE FILE Test CMAKE_HAVE_LIBC_PTHREAD failed with the following output:
Change Dir: /home/siba/ros2_ws/src/fresas/build/CMakeFiles/CMakeTmp

Run Build Command(s):/usr/bin/make cmTC_a0e00/fast && /usr/bin/make -f CMakeFiles/cmTC_a0e00.dir/build.make CMakeFiles/cmTC_a0e00.dir/build
make[1]: Entering directory '/home/siba/ros2_ws/src/fresas/build/CMakeFiles/CMakeTmp'
Building C object CMakeFiles/cmTC_a0e00.dir/src.c.o
/usr/bin/cc   -DCMAKE_HAVE_LIBC_PTHREAD   -o CMakeFiles/cmTC_a0e00.dir/src.c.o   -c /home/siba/ros2_ws/src/fresas/build/CMakeFiles/CMakeTmp/src.c
Linking C executable cmTC_a0e00
/usr/bin/cmake -E cmake_link_script CMakeFiles/cmTC_a0e00.dir/link.txt --verbose=1
/usr/bin/cc  -DCMAKE_HAVE_LIBC_PTHREAD    CMakeFiles/cmTC_a0e00.dir/src.c.o  -o cmTC_a0e00 
/usr/bin/ld: CMakeFiles/cmTC_a0e00.dir/src.c.o: in function `main':
src.c:(.text+0x46): undefined reference to `pthread_create'
/usr/bin/ld: src.c:(.text+0x52): undefined reference to `pthread_detach'
/usr/bin/ld: src.c:(.text+0x63): undefined reference to `pthread_join'
collect2: error: ld returned 1 exit status
make[1]: *** [CMakeFiles/cmTC_a0e00.dir/build.make:87: cmTC_a0e00] Error 1
make[1]: Leaving directory '/home/siba/ros2_ws/src/fresas/build/CMakeFiles/CMakeTmp'
make: *** [Makefile:121: cmTC_a0e00/fast] Error 2


Source file was:
#include <pthread.h>

void* test_func(void* data)
{
  return data;
}

int main(void)
{
  pthread_t thread;
  pthread_create(&thread, NULL, test_func, NULL);
  pthread_detach(thread);
  pthread_join(thread, NULL);
  pthread_atfork(NULL, NULL, NULL);
  pthread_exit(NULL);

  return 0;
}

Determining if the function pthread_create exists in the pthreads failed with the following output:
Change Dir: /home/siba/ros2_ws/src/fresas/build/CMakeFiles/CMakeTmp

Run Build Command(s):/usr/bin/make cmTC_226b0/fast && /usr/bin/make -f CMakeFiles/cmTC_226b0.dir/build.make CMakeFiles/cmTC_226b0.dir/build
make[1]: Entering directory '/home/siba/ros2_ws/src/fresas/build/CMakeFiles/CMakeTmp'
Building C object CMakeFiles/cmTC_226b0.dir/CheckFunctionExists.c.o
/usr/bin/cc   -DCHECK_FUNCTION_EXISTS=pthread_create   -o CMakeFiles/cmTC_226b0.dir/CheckFunctionExists.c.o   -c /usr/share/cmake-3.16/Modules/CheckFunctionExists.c
Linking C executable cmTC_226b0
/usr/bin/cmake -E cmake_link_script CMakeFiles/cmTC_226b0.dir/link.txt --verbose=1
/usr/bin/cc  -DCHECK_FUNCTION_EXISTS=pthread_create    CMakeFiles/cmTC_226b0.dir/CheckFunctionExists.c.o  -o cmTC_226b0  -lpthreads 
/usr/bin/ld: cannot find -lpthreads
collect2: error: ld returned 1 exit status
make[1]: *** [CMakeFiles/cmTC_226b0.dir/build.make:87: cmTC_226b0] Error 1
make[1]: Leaving directory '/home/siba/ros2_ws/src/fresas/build/CMakeFiles/CMakeTmp'
make: *** [Makefile:121: cmTC_226b0/fast] Error 2



